<?xml version="1.0" encoding="UTF-8"?>
<testsuite xmlns:xsi="http://www.w3.org/2001/XMLSchema-instance" xsi:noNamespaceSchemaLocation="https://maven.apache.org/surefire/maven-surefire-plugin/xsd/surefire-test-report-3.0.xsd" version="3.0" name="org.simonworks.projects.context.WebPathIteratorTest" time="0.052" tests="5" errors="0" skipped="0" failures="0">
  <properties>
    <property name="gopherProxySet" value="false"/>
    <property name="awt.toolkit" value="sun.lwawt.macosx.LWCToolkit"/>
    <property name="file.encoding.pkg" value="sun.io"/>
    <property name="java.specification.version" value="1.8"/>
    <property name="sun.cpu.isalist" value=""/>
    <property name="sun.jnu.encoding" value="UTF-8"/>
    <property name="java.class.path" value="/Users/SimonWorks/workspace/simonworks-project/simonworks-context-web-impl/target/test-classes:/Users/SimonWorks/workspace/simonworks-project/simonworks-context-web-impl/target/classes:/Users/SimonWorks/.m2/repository/org/simonworks/projects/simonworks-context-default-impl/1.0-SNAPSHOT/simonworks-context-default-impl-1.0-SNAPSHOT.jar:/Users/SimonWorks/.m2/repository/org/simonworks/projects/simonworks-context/1.0-SNAPSHOT/simonworks-context-1.0-SNAPSHOT.jar:/Users/SimonWorks/.m2/repository/org/simonworks/projects/simonworks-core/1.0-SNAPSHOT/simonworks-core-1.0-SNAPSHOT.jar:/Users/SimonWorks/.m2/repository/cglib/cglib/3.3.0/cglib-3.3.0.jar:/Users/SimonWorks/.m2/repository/org/ow2/asm/asm/7.1/asm-7.1.jar:/Users/SimonWorks/.m2/repository/com/google/code/gson/gson/2.8.6/gson-2.8.6.jar:/Users/SimonWorks/.m2/repository/com/owlike/genson/1.6/genson-1.6.jar:/Users/SimonWorks/.m2/repository/com/fasterxml/jackson/core/jackson-databind/2.10.3/jackson-databind-2.10.3.jar:/Users/SimonWorks/.m2/repository/com/fasterxml/jackson/core/jackson-annotations/2.10.3/jackson-annotations-2.10.3.jar:/Users/SimonWorks/.m2/repository/com/fasterxml/jackson/core/jackson-core/2.10.3/jackson-core-2.10.3.jar:/Users/SimonWorks/.m2/repository/com/cedarsoftware/json-io/4.12.0/json-io-4.12.0.jar:/Users/SimonWorks/.m2/repository/org/simonworks/projects/simonworks-model/1.0-SNAPSHOT/simonworks-model-1.0-SNAPSHOT.jar:/Users/SimonWorks/.m2/repository/org/springframework/spring-context/5.2.5.RELEASE/spring-context-5.2.5.RELEASE.jar:/Users/SimonWorks/.m2/repository/org/springframework/spring-aop/5.2.5.RELEASE/spring-aop-5.2.5.RELEASE.jar:/Users/SimonWorks/.m2/repository/org/springframework/spring-beans/5.2.5.RELEASE/spring-beans-5.2.5.RELEASE.jar:/Users/SimonWorks/.m2/repository/org/springframework/spring-core/5.2.5.RELEASE/spring-core-5.2.5.RELEASE.jar:/Users/SimonWorks/.m2/repository/org/springframework/spring-jcl/5.2.5.RELEASE/spring-jcl-5.2.5.RELEASE.jar:/Users/SimonWorks/.m2/repository/org/springframework/spring-expression/5.2.5.RELEASE/spring-expression-5.2.5.RELEASE.jar:/Users/SimonWorks/.m2/repository/org/junit/jupiter/junit-jupiter-api/5.7.2/junit-jupiter-api-5.7.2.jar:/Users/SimonWorks/.m2/repository/org/apiguardian/apiguardian-api/1.1.0/apiguardian-api-1.1.0.jar:/Users/SimonWorks/.m2/repository/org/opentest4j/opentest4j/1.2.0/opentest4j-1.2.0.jar:/Users/SimonWorks/.m2/repository/org/junit/platform/junit-platform-commons/1.7.2/junit-platform-commons-1.7.2.jar:/Users/SimonWorks/.m2/repository/org/junit/jupiter/junit-jupiter-engine/5.7.2/junit-jupiter-engine-5.7.2.jar:/Users/SimonWorks/.m2/repository/org/junit/platform/junit-platform-engine/1.7.2/junit-platform-engine-1.7.2.jar:/Users/SimonWorks/.m2/repository/org/slf4j/slf4j-api/1.7.28/slf4j-api-1.7.28.jar:/Users/SimonWorks/.m2/repository/ch/qos/logback/logback-classic/1.2.3/logback-classic-1.2.3.jar:/Users/SimonWorks/.m2/repository/ch/qos/logback/logback-core/1.2.3/logback-core-1.2.3.jar:"/>
    <property name="java.vm.vendor" value="Oracle Corporation"/>
    <property name="sun.arch.data.model" value="64"/>
    <property name="java.vendor.url" value="http://java.oracle.com/"/>
    <property name="user.timezone" value=""/>
    <property name="java.vm.specification.version" value="1.8"/>
    <property name="os.name" value="Mac OS X"/>
    <property name="user.country" value="IT"/>
    <property name="sun.java.launcher" value="SUN_STANDARD"/>
    <property name="sun.boot.library.path" value="/Library/Java/JavaVirtualMachines/jdk1.8.0_291.jdk/Contents/Home/jre/lib"/>
    <property name="sun.java.command" value="/Users/SimonWorks/workspace/simonworks-project/simonworks-context-web-impl/target/surefire/surefirebooter8543178701926323923.jar /Users/SimonWorks/workspace/simonworks-project/simonworks-context-web-impl/target/surefire 2021-07-30T16-35-08_012-jvmRun1 surefire7423397993851372686tmp surefire_03718873901364031560tmp"/>
    <property name="http.nonProxyHosts" value="local|*.local|169.254/16|*.169.254/16"/>
    <property name="surefire.test.class.path" value="/Users/SimonWorks/workspace/simonworks-project/simonworks-context-web-impl/target/test-classes:/Users/SimonWorks/workspace/simonworks-project/simonworks-context-web-impl/target/classes:/Users/SimonWorks/.m2/repository/org/simonworks/projects/simonworks-context-default-impl/1.0-SNAPSHOT/simonworks-context-default-impl-1.0-SNAPSHOT.jar:/Users/SimonWorks/.m2/repository/org/simonworks/projects/simonworks-context/1.0-SNAPSHOT/simonworks-context-1.0-SNAPSHOT.jar:/Users/SimonWorks/.m2/repository/org/simonworks/projects/simonworks-core/1.0-SNAPSHOT/simonworks-core-1.0-SNAPSHOT.jar:/Users/SimonWorks/.m2/repository/cglib/cglib/3.3.0/cglib-3.3.0.jar:/Users/SimonWorks/.m2/repository/org/ow2/asm/asm/7.1/asm-7.1.jar:/Users/SimonWorks/.m2/repository/com/google/code/gson/gson/2.8.6/gson-2.8.6.jar:/Users/SimonWorks/.m2/repository/com/owlike/genson/1.6/genson-1.6.jar:/Users/SimonWorks/.m2/repository/com/fasterxml/jackson/core/jackson-databind/2.10.3/jackson-databind-2.10.3.jar:/Users/SimonWorks/.m2/repository/com/fasterxml/jackson/core/jackson-annotations/2.10.3/jackson-annotations-2.10.3.jar:/Users/SimonWorks/.m2/repository/com/fasterxml/jackson/core/jackson-core/2.10.3/jackson-core-2.10.3.jar:/Users/SimonWorks/.m2/repository/com/cedarsoftware/json-io/4.12.0/json-io-4.12.0.jar:/Users/SimonWorks/.m2/repository/org/simonworks/projects/simonworks-model/1.0-SNAPSHOT/simonworks-model-1.0-SNAPSHOT.jar:/Users/SimonWorks/.m2/repository/org/springframework/spring-context/5.2.5.RELEASE/spring-context-5.2.5.RELEASE.jar:/Users/SimonWorks/.m2/repository/org/springframework/spring-aop/5.2.5.RELEASE/spring-aop-5.2.5.RELEASE.jar:/Users/SimonWorks/.m2/repository/org/springframework/spring-beans/5.2.5.RELEASE/spring-beans-5.2.5.RELEASE.jar:/Users/SimonWorks/.m2/repository/org/springframework/spring-core/5.2.5.RELEASE/spring-core-5.2.5.RELEASE.jar:/Users/SimonWorks/.m2/repository/org/springframework/spring-jcl/5.2.5.RELEASE/spring-jcl-5.2.5.RELEASE.jar:/Users/SimonWorks/.m2/repository/org/springframework/spring-expression/5.2.5.RELEASE/spring-expression-5.2.5.RELEASE.jar:/Users/SimonWorks/.m2/repository/org/junit/jupiter/junit-jupiter-api/5.7.2/junit-jupiter-api-5.7.2.jar:/Users/SimonWorks/.m2/repository/org/apiguardian/apiguardian-api/1.1.0/apiguardian-api-1.1.0.jar:/Users/SimonWorks/.m2/repository/org/opentest4j/opentest4j/1.2.0/opentest4j-1.2.0.jar:/Users/SimonWorks/.m2/repository/org/junit/platform/junit-platform-commons/1.7.2/junit-platform-commons-1.7.2.jar:/Users/SimonWorks/.m2/repository/org/junit/jupiter/junit-jupiter-engine/5.7.2/junit-jupiter-engine-5.7.2.jar:/Users/SimonWorks/.m2/repository/org/junit/platform/junit-platform-engine/1.7.2/junit-platform-engine-1.7.2.jar:/Users/SimonWorks/.m2/repository/org/slf4j/slf4j-api/1.7.28/slf4j-api-1.7.28.jar:/Users/SimonWorks/.m2/repository/ch/qos/logback/logback-classic/1.2.3/logback-classic-1.2.3.jar:/Users/SimonWorks/.m2/repository/ch/qos/logback/logback-core/1.2.3/logback-core-1.2.3.jar:"/>
    <property name="sun.cpu.endian" value="little"/>
    <property name="user.home" value="/Users/SimonWorks"/>
    <property name="user.language" value="it"/>
    <property name="java.specification.vendor" value="Oracle Corporation"/>
    <property name="java.home" value="/Library/Java/JavaVirtualMachines/jdk1.8.0_291.jdk/Contents/Home/jre"/>
    <property name="basedir" value="/Users/SimonWorks/workspace/simonworks-project/simonworks-context-web-impl"/>
    <property name="file.separator" value="/"/>
    <property name="line.separator" value="&#10;"/>
    <property name="java.vm.specification.vendor" value="Oracle Corporation"/>
    <property name="java.specification.name" value="Java Platform API Specification"/>
    <property name="java.awt.graphicsenv" value="sun.awt.CGraphicsEnvironment"/>
    <property name="surefire.real.class.path" value="/Users/SimonWorks/workspace/simonworks-project/simonworks-context-web-impl/target/surefire/surefirebooter8543178701926323923.jar:/Users/SimonWorks/.m2/repository/org/jacoco/org.jacoco.agent/0.8.2/org.jacoco.agent-0.8.2-runtime.jar"/>
    <property name="sun.boot.class.path" value="/Library/Java/JavaVirtualMachines/jdk1.8.0_291.jdk/Contents/Home/jre/lib/resources.jar:/Library/Java/JavaVirtualMachines/jdk1.8.0_291.jdk/Contents/Home/jre/lib/rt.jar:/Library/Java/JavaVirtualMachines/jdk1.8.0_291.jdk/Contents/Home/jre/lib/sunrsasign.jar:/Library/Java/JavaVirtualMachines/jdk1.8.0_291.jdk/Contents/Home/jre/lib/jsse.jar:/Library/Java/JavaVirtualMachines/jdk1.8.0_291.jdk/Contents/Home/jre/lib/jce.jar:/Library/Java/JavaVirtualMachines/jdk1.8.0_291.jdk/Contents/Home/jre/lib/charsets.jar:/Library/Java/JavaVirtualMachines/jdk1.8.0_291.jdk/Contents/Home/jre/lib/jfr.jar:/Library/Java/JavaVirtualMachines/jdk1.8.0_291.jdk/Contents/Home/jre/classes"/>
    <property name="sun.management.compiler" value="HotSpot 64-Bit Tiered Compilers"/>
    <property name="ftp.nonProxyHosts" value="local|*.local|169.254/16|*.169.254/16"/>
    <property name="java.runtime.version" value="1.8.0_291-b10"/>
    <property name="user.name" value="SimonWorks"/>
    <property name="path.separator" value=":"/>
    <property name="os.version" value="10.16"/>
    <property name="java.endorsed.dirs" value="/Library/Java/JavaVirtualMachines/jdk1.8.0_291.jdk/Contents/Home/jre/lib/endorsed"/>
    <property name="java.runtime.name" value="Java(TM) SE Runtime Environment"/>
    <property name="file.encoding" value="UTF-8"/>
    <property name="java.vm.name" value="Java HotSpot(TM) 64-Bit Server VM"/>
    <property name="localRepository" value="/Users/SimonWorks/.m2/repository"/>
    <property name="java.vendor.url.bug" value="http://bugreport.sun.com/bugreport/"/>
    <property name="java.io.tmpdir" value="/var/folders/r4/wq80h6k54lzbnxzcwym4xn_h0000gn/T/"/>
    <property name="idea.version" value="2021.1.3"/>
    <property name="java.version" value="1.8.0_291"/>
    <property name="user.dir" value="/Users/SimonWorks/workspace/simonworks-project/simonworks-context-web-impl"/>
    <property name="os.arch" value="x86_64"/>
    <property name="java.vm.specification.name" value="Java Virtual Machine Specification"/>
    <property name="java.awt.printerjob" value="sun.lwawt.macosx.CPrinterJob"/>
    <property name="sun.os.patch.level" value="unknown"/>
    <property name="java.library.path" value="/Users/SimonWorks/Library/Java/Extensions:/Library/Java/Extensions:/Network/Library/Java/Extensions:/System/Library/Java/Extensions:/usr/lib/java:."/>
    <property name="java.vm.info" value="mixed mode"/>
    <property name="java.vendor" value="Oracle Corporation"/>
    <property name="java.vm.version" value="25.291-b10"/>
    <property name="java.ext.dirs" value="/Users/SimonWorks/Library/Java/Extensions:/Library/Java/JavaVirtualMachines/jdk1.8.0_291.jdk/Contents/Home/jre/lib/ext:/Library/Java/Extensions:/Network/Library/Java/Extensions:/System/Library/Java/Extensions:/usr/lib/java"/>
    <property name="sun.io.unicode.encoding" value="UnicodeBig"/>
    <property name="java.class.version" value="52.0"/>
    <property name="socksNonProxyHosts" value="local|*.local|169.254/16|*.169.254/16"/>
  </properties>
  <testcase name="testSimplePath" classname="org.simonworks.projects.context.WebPathIteratorTest" time="0.037"/>
  <testcase name="testEmptyStringThanError" classname="org.simonworks.projects.context.WebPathIteratorTest" time="0.002"/>
  <testcase name="testTwoItems" classname="org.simonworks.projects.context.WebPathIteratorTest" time="0.001"/>
  <testcase name="testOneItem" classname="org.simonworks.projects.context.WebPathIteratorTest" time="0.001"/>
  <testcase name="testOneItemAndVariable" classname="org.simonworks.projects.context.WebPathIteratorTest" time="0.001"/>
</testsuite>